{"uuid":"6e97a3cd-3980-45ce-8ad6-f3e6712e4dde","historyId":"ad84d3fda9c22be9e58a511f83ca91d4","fullName":"com.nopcomerce.admin.Admin_02_CustomerTest.Customer_08_Edit_Address","labels":[{"name":"package","value":"com.nopcomerce.admin.Admin_02_CustomerTest"},{"name":"testClass","value":"com.nopcomerce.admin.Admin_02_CustomerTest"},{"name":"testMethod","value":"Customer_08_Edit_Address"},{"name":"parentSuite","value":"Run Admin Test"},{"name":"suite","value":"Run on chrome"},{"name":"subSuite","value":"com.nopcomerce.admin.Admin_02_CustomerTest"},{"name":"host","value":"USERMIC-V3N629H"},{"name":"thread","value":"10848@USERMIC-V3N629H.main(1)"},{"name":"framework","value":"testng"},{"name":"language","value":"java"}],"links":[],"name":"Customer_08_Edit_Address","status":"broken","statusDetails":{"known":false,"muted":false,"flaky":false,"message":"Expected condition failed: waiting for element to be clickable: By.xpath: //button[contains(text(),'Save')] (tried for 30 second(s) with 500 milliseconds interval)","trace":"org.openqa.selenium.TimeoutException: Expected condition failed: waiting for element to be clickable: By.xpath: //button[contains(text(),'Save')] (tried for 30 second(s) with 500 milliseconds interval)\r\n\tat org.openqa.selenium.support.ui.WebDriverWait.timeoutException(WebDriverWait.java:95)\r\n\tat org.openqa.selenium.support.ui.FluentWait.until(FluentWait.java:272)\r\n\tat commons.BasePage.waitForElementClickable(BasePage.java:482)\r\n\tat com.nopcomerce.pageObjects.admin.CustomersPO.clickToAddressSaveButton(CustomersPO.java:150)\r\n\tat com.nopcomerce.admin.Admin_02_CustomerTest.Customer_08_Edit_Address(Admin_02_CustomerTest.java:435)\r\n\tat java.base/jdk.internal.reflect.NativeMethodAccessorImpl.invoke0(Native Method)\r\n\tat java.base/jdk.internal.reflect.NativeMethodAccessorImpl.invoke(NativeMethodAccessorImpl.java:62)\r\n\tat java.base/jdk.internal.reflect.DelegatingMethodAccessorImpl.invoke(DelegatingMethodAccessorImpl.java:43)\r\n\tat java.base/java.lang.reflect.Method.invoke(Method.java:566)\r\n\tat org.testng.internal.MethodInvocationHelper.invokeMethod(MethodInvocationHelper.java:124)\r\n\tat org.testng.internal.Invoker.invokeMethod(Invoker.java:583)\r\n\tat org.testng.internal.Invoker.invokeTestMethod(Invoker.java:719)\r\n\tat org.testng.internal.Invoker.invokeTestMethods(Invoker.java:989)\r\n\tat org.testng.internal.TestMethodWorker.invokeTestMethods(TestMethodWorker.java:125)\r\n\tat org.testng.internal.TestMethodWorker.run(TestMethodWorker.java:109)\r\n\tat org.testng.TestRunner.privateRun(TestRunner.java:648)\r\n\tat org.testng.TestRunner.run(TestRunner.java:505)\r\n\tat org.testng.SuiteRunner.runTest(SuiteRunner.java:455)\r\n\tat org.testng.SuiteRunner.runSequentially(SuiteRunner.java:450)\r\n\tat org.testng.SuiteRunner.privateRun(SuiteRunner.java:415)\r\n\tat org.testng.SuiteRunner.run(SuiteRunner.java:364)\r\n\tat org.testng.SuiteRunnerWorker.runSuite(SuiteRunnerWorker.java:52)\r\n\tat org.testng.SuiteRunnerWorker.run(SuiteRunnerWorker.java:84)\r\n\tat org.testng.TestNG.runSuitesSequentially(TestNG.java:1208)\r\n\tat org.testng.TestNG.runSuitesLocally(TestNG.java:1137)\r\n\tat org.testng.TestNG.runSuites(TestNG.java:1049)\r\n\tat org.testng.TestNG.run(TestNG.java:1017)\r\n\tat com.intellij.rt.testng.IDEARemoteTestNG.run(IDEARemoteTestNG.java:65)\r\n\tat com.intellij.rt.testng.RemoteTestNGStarter.main(RemoteTestNGStarter.java:105)\r\nCaused by: org.openqa.selenium.NoSuchElementException: no such element: Unable to locate element: {\"method\":\"xpath\",\"selector\":\"//button[contains(text(),'Save')]\"}\n  (Session info: chrome=122.0.6261.129)\nFor documentation on this error, please visit: https://www.seleniumhq.org/exceptions/no_such_element.html\nBuild info: version: '3.141.59', revision: 'e82be7d358', time: '2018-11-14T08:17:03'\nSystem info: host: 'USERMIC-V3N629H', ip: '192.168.1.16', os.name: 'Windows 10', os.arch: 'amd64', os.version: '10.0', java.version: '11.0.15.1'\nDriver info: org.openqa.selenium.chrome.ChromeDriver\nCapabilities {acceptInsecureCerts: false, browserName: chrome, browserVersion: 122.0.6261.129, chrome: {chromedriverVersion: 122.0.6261.128 (f18a44fedeb..., userDataDir: C:\\Users\\MyPC\\AppData\\Local...}, fedcm:accounts: true, goog:chromeOptions: {debuggerAddress: localhost:6204}, javascriptEnabled: true, networkConnectionEnabled: false, pageLoadStrategy: normal, platform: WINDOWS, platformName: WINDOWS, proxy: Proxy(), setWindowRect: true, strictFileInteractability: false, timeouts: {implicit: 0, pageLoad: 300000, script: 30000}, unhandledPromptBehavior: ignore, webauthn:extension:credBlob: true, webauthn:extension:largeBlob: true, webauthn:extension:minPinLength: true, webauthn:extension:prf: true, webauthn:virtualAuthenticators: true}\nSession ID: b312158d2287d0acb90945537ccafe67\n*** Element info: {Using=xpath, value=//button[contains(text(),'Save')]}\r\n\tat java.base/jdk.internal.reflect.NativeConstructorAccessorImpl.newInstance0(Native Method)\r\n\tat java.base/jdk.internal.reflect.NativeConstructorAccessorImpl.newInstance(NativeConstructorAccessorImpl.java:62)\r\n\tat java.base/jdk.internal.reflect.DelegatingConstructorAccessorImpl.newInstance(DelegatingConstructorAccessorImpl.java:45)\r\n\tat java.base/java.lang.reflect.Constructor.newInstance(Constructor.java:490)\r\n\tat org.openqa.selenium.remote.http.W3CHttpResponseCodec.createException(W3CHttpResponseCodec.java:187)\r\n\tat org.openqa.selenium.remote.http.W3CHttpResponseCodec.decode(W3CHttpResponseCodec.java:122)\r\n\tat org.openqa.selenium.remote.http.W3CHttpResponseCodec.decode(W3CHttpResponseCodec.java:49)\r\n\tat org.openqa.selenium.remote.HttpCommandExecutor.execute(HttpCommandExecutor.java:158)\r\n\tat org.openqa.selenium.remote.service.DriverCommandExecutor.execute(DriverCommandExecutor.java:83)\r\n\tat org.openqa.selenium.remote.RemoteWebDriver.execute(RemoteWebDriver.java:552)\r\n\tat org.openqa.selenium.remote.RemoteWebDriver.findElement(RemoteWebDriver.java:323)\r\n\tat org.openqa.selenium.remote.RemoteWebDriver.findElementByXPath(RemoteWebDriver.java:428)\r\n\tat org.openqa.selenium.By$ByXPath.findElement(By.java:353)\r\n\tat org.openqa.selenium.remote.RemoteWebDriver.findElement(RemoteWebDriver.java:315)\r\n\tat org.openqa.selenium.support.ui.ExpectedConditions$7.apply(ExpectedConditions.java:205)\r\n\tat org.openqa.selenium.support.ui.ExpectedConditions$7.apply(ExpectedConditions.java:201)\r\n\tat org.openqa.selenium.support.ui.ExpectedConditions$22.apply(ExpectedConditions.java:641)\r\n\tat org.openqa.selenium.support.ui.ExpectedConditions$22.apply(ExpectedConditions.java:638)\r\n\tat org.openqa.selenium.support.ui.FluentWait.until(FluentWait.java:249)\r\n\t... 27 more\r\n"},"stage":"finished","description":"Edit address in customer detail","steps":[{"name":"Click to 'Customers' link at side bar","status":"passed","stage":"finished","steps":[],"attachments":[],"parameters":[{"name":"linkName","value":"Customers"}],"start":1710509186783,"stop":1710509186888},{"name":"Click to ' Customers' sub link at side bar","status":"passed","stage":"finished","steps":[],"attachments":[],"parameters":[{"name":"subLinkName","value":" Customers"}],"start":1710509186888,"stop":1710509187911},{"name":"Enter to textbox 'Email' with value edit_odell.kuvalis@hotmail.com","status":"passed","stage":"finished","steps":[],"attachments":[],"parameters":[{"name":"labelName","value":"Email"},{"name":"value","value":"edit_odell.kuvalis@hotmail.com"}],"start":1710509187912,"stop":1710509188613},{"name":"Delete all role in 'Customer role' dropdown","status":"passed","stage":"finished","steps":[],"attachments":[],"parameters":[],"start":1710509188613,"stop":1710509188703},{"name":"Select 'Customer role' dropdown with value 'Guests'","status":"passed","stage":"finished","steps":[],"attachments":[],"parameters":[{"name":"value","value":"Guests"}],"start":1710509188704,"stop":1710509192009},{"name":"Click to 'Search' button","status":"passed","stage":"finished","steps":[],"attachments":[],"parameters":[],"start":1710509192009,"stop":1710509192130},{"name":"Wait for 'Ajax loading' icon disappear","status":"passed","stage":"finished","steps":[],"attachments":[],"parameters":[],"start":1710509192130,"stop":1710509192707},{"name":"Click button at column 'Edit', row number '1'","status":"passed","stage":"finished","steps":[],"attachments":[],"parameters":[{"name":"rowIndex","value":"1"},{"name":"columnName","value":"Edit"}],"start":1710509192708,"stop":1710509193314},{"name":"Click button at column 'Edit', row number '1'","status":"passed","stage":"finished","steps":[],"attachments":[],"parameters":[{"name":"rowIndex","value":"1"},{"name":"columnName","value":"Edit"}],"start":1710509193315,"stop":1710509194613},{"name":"Wait for 'Ajax loading' icon disappear","status":"passed","stage":"finished","steps":[],"attachments":[],"parameters":[],"start":1710509194613,"stop":1710509195051},{"name":"Enter to textbox 'Company' with value edit_Automation","status":"passed","stage":"finished","steps":[],"attachments":[],"parameters":[{"name":"labelName","value":"Company"},{"name":"value","value":"edit_Automation"}],"start":1710509195051,"stop":1710509195269},{"name":"Enter to textbox 'First name' with value edit_John","status":"passed","stage":"finished","steps":[],"attachments":[],"parameters":[{"name":"labelName","value":"First name"},{"name":"value","value":"edit_John"}],"start":1710509195269,"stop":1710509195448},{"name":"Enter to textbox 'Last name' with value edit_AutoTest","status":"passed","stage":"finished","steps":[],"attachments":[],"parameters":[{"name":"labelName","value":"Last name"},{"name":"value","value":"edit_AutoTest"}],"start":1710509195448,"stop":1710509195645},{"name":"Enter to textbox 'Email' with value edit_waldo.kozey@gmail.com","status":"passed","stage":"finished","steps":[],"attachments":[],"parameters":[{"name":"labelName","value":"Email"},{"name":"value","value":"edit_waldo.kozey@gmail.com"}],"start":1710509195645,"stop":1710509195871},{"name":"Enter to textbox 'County / region' with value Viet Nam","status":"passed","stage":"finished","steps":[],"attachments":[],"parameters":[{"name":"labelName","value":"County / region"},{"name":"value","value":"Viet Nam"}],"start":1710509195871,"stop":1710509196104},{"name":"Enter to textbox 'City' with value Da Nang","status":"passed","stage":"finished","steps":[],"attachments":[],"parameters":[{"name":"labelName","value":"City"},{"name":"value","value":"Da Nang"}],"start":1710509196104,"stop":1710509196281},{"name":"Enter to textbox 'Address 1' with value 123/04 Le Lai","status":"passed","stage":"finished","steps":[],"attachments":[],"parameters":[{"name":"labelName","value":"Address 1"},{"name":"value","value":"123/04 Le Lai"}],"start":1710509196282,"stop":1710509196467},{"name":"Enter to textbox 'Address 2' with value 234/05 Hai Phong","status":"passed","stage":"finished","steps":[],"attachments":[],"parameters":[{"name":"labelName","value":"Address 2"},{"name":"value","value":"234/05 Hai Phong"}],"start":1710509196467,"stop":1710509196664},{"name":"Enter to textbox 'Zip / postal code' with value 550000","status":"passed","stage":"finished","steps":[],"attachments":[],"parameters":[{"name":"labelName","value":"Zip / postal code"},{"name":"value","value":"550000"}],"start":1710509196664,"stop":1710509196858},{"name":"Enter to textbox 'Phone number' with value 0123456799","status":"passed","stage":"finished","steps":[],"attachments":[],"parameters":[{"name":"labelName","value":"Phone number"},{"name":"value","value":"0123456799"}],"start":1710509196858,"stop":1710509197053},{"name":"Enter to textbox 'Fax number' with value 0987654321","status":"passed","stage":"finished","steps":[],"attachments":[],"parameters":[{"name":"labelName","value":"Fax number"},{"name":"value","value":"0987654321"}],"start":1710509197054,"stop":1710509197238},{"name":"Click to Address 'Save' Button","status":"broken","statusDetails":{"known":false,"muted":false,"flaky":false,"message":"Expected condition failed: waiting for element to be clickable: By.xpath: //button[contains(text(),'Save')] (tried for 30 second(s) with 500 milliseconds interval)","trace":"org.openqa.selenium.TimeoutException: Expected condition failed: waiting for element to be clickable: By.xpath: //button[contains(text(),'Save')] (tried for 30 second(s) with 500 milliseconds interval)\r\n\tat org.openqa.selenium.support.ui.WebDriverWait.timeoutException(WebDriverWait.java:95)\r\n\tat org.openqa.selenium.support.ui.FluentWait.until(FluentWait.java:272)\r\n\tat commons.BasePage.waitForElementClickable(BasePage.java:482)\r\n\tat com.nopcomerce.pageObjects.admin.CustomersPO.clickToAddressSaveButton(CustomersPO.java:150)\r\n\tat com.nopcomerce.admin.Admin_02_CustomerTest.Customer_08_Edit_Address(Admin_02_CustomerTest.java:435)\r\n\tat java.base/jdk.internal.reflect.NativeMethodAccessorImpl.invoke0(Native Method)\r\n\tat java.base/jdk.internal.reflect.NativeMethodAccessorImpl.invoke(NativeMethodAccessorImpl.java:62)\r\n\tat java.base/jdk.internal.reflect.DelegatingMethodAccessorImpl.invoke(DelegatingMethodAccessorImpl.java:43)\r\n\tat java.base/java.lang.reflect.Method.invoke(Method.java:566)\r\n\tat org.testng.internal.MethodInvocationHelper.invokeMethod(MethodInvocationHelper.java:124)\r\n\tat org.testng.internal.Invoker.invokeMethod(Invoker.java:583)\r\n\tat org.testng.internal.Invoker.invokeTestMethod(Invoker.java:719)\r\n\tat org.testng.internal.Invoker.invokeTestMethods(Invoker.java:989)\r\n\tat org.testng.internal.TestMethodWorker.invokeTestMethods(TestMethodWorker.java:125)\r\n\tat org.testng.internal.TestMethodWorker.run(TestMethodWorker.java:109)\r\n\tat org.testng.TestRunner.privateRun(TestRunner.java:648)\r\n\tat org.testng.TestRunner.run(TestRunner.java:505)\r\n\tat org.testng.SuiteRunner.runTest(SuiteRunner.java:455)\r\n\tat org.testng.SuiteRunner.runSequentially(SuiteRunner.java:450)\r\n\tat org.testng.SuiteRunner.privateRun(SuiteRunner.java:415)\r\n\tat org.testng.SuiteRunner.run(SuiteRunner.java:364)\r\n\tat org.testng.SuiteRunnerWorker.runSuite(SuiteRunnerWorker.java:52)\r\n\tat org.testng.SuiteRunnerWorker.run(SuiteRunnerWorker.java:84)\r\n\tat org.testng.TestNG.runSuitesSequentially(TestNG.java:1208)\r\n\tat org.testng.TestNG.runSuitesLocally(TestNG.java:1137)\r\n\tat org.testng.TestNG.runSuites(TestNG.java:1049)\r\n\tat org.testng.TestNG.run(TestNG.java:1017)\r\n\tat com.intellij.rt.testng.IDEARemoteTestNG.run(IDEARemoteTestNG.java:65)\r\n\tat com.intellij.rt.testng.RemoteTestNGStarter.main(RemoteTestNGStarter.java:105)\r\nCaused by: org.openqa.selenium.NoSuchElementException: no such element: Unable to locate element: {\"method\":\"xpath\",\"selector\":\"//button[contains(text(),'Save')]\"}\n  (Session info: chrome=122.0.6261.129)\nFor documentation on this error, please visit: https://www.seleniumhq.org/exceptions/no_such_element.html\nBuild info: version: '3.141.59', revision: 'e82be7d358', time: '2018-11-14T08:17:03'\nSystem info: host: 'USERMIC-V3N629H', ip: '192.168.1.16', os.name: 'Windows 10', os.arch: 'amd64', os.version: '10.0', java.version: '11.0.15.1'\nDriver info: org.openqa.selenium.chrome.ChromeDriver\nCapabilities {acceptInsecureCerts: false, browserName: chrome, browserVersion: 122.0.6261.129, chrome: {chromedriverVersion: 122.0.6261.128 (f18a44fedeb..., userDataDir: C:\\Users\\MyPC\\AppData\\Local...}, fedcm:accounts: true, goog:chromeOptions: {debuggerAddress: localhost:6204}, javascriptEnabled: true, networkConnectionEnabled: false, pageLoadStrategy: normal, platform: WINDOWS, platformName: WINDOWS, proxy: Proxy(), setWindowRect: true, strictFileInteractability: false, timeouts: {implicit: 0, pageLoad: 300000, script: 30000}, unhandledPromptBehavior: ignore, webauthn:extension:credBlob: true, webauthn:extension:largeBlob: true, webauthn:extension:minPinLength: true, webauthn:extension:prf: true, webauthn:virtualAuthenticators: true}\nSession ID: b312158d2287d0acb90945537ccafe67\n*** Element info: {Using=xpath, value=//button[contains(text(),'Save')]}\r\n\tat java.base/jdk.internal.reflect.NativeConstructorAccessorImpl.newInstance0(Native Method)\r\n\tat java.base/jdk.internal.reflect.NativeConstructorAccessorImpl.newInstance(NativeConstructorAccessorImpl.java:62)\r\n\tat java.base/jdk.internal.reflect.DelegatingConstructorAccessorImpl.newInstance(DelegatingConstructorAccessorImpl.java:45)\r\n\tat java.base/java.lang.reflect.Constructor.newInstance(Constructor.java:490)\r\n\tat org.openqa.selenium.remote.http.W3CHttpResponseCodec.createException(W3CHttpResponseCodec.java:187)\r\n\tat org.openqa.selenium.remote.http.W3CHttpResponseCodec.decode(W3CHttpResponseCodec.java:122)\r\n\tat org.openqa.selenium.remote.http.W3CHttpResponseCodec.decode(W3CHttpResponseCodec.java:49)\r\n\tat org.openqa.selenium.remote.HttpCommandExecutor.execute(HttpCommandExecutor.java:158)\r\n\tat org.openqa.selenium.remote.service.DriverCommandExecutor.execute(DriverCommandExecutor.java:83)\r\n\tat org.openqa.selenium.remote.RemoteWebDriver.execute(RemoteWebDriver.java:552)\r\n\tat org.openqa.selenium.remote.RemoteWebDriver.findElement(RemoteWebDriver.java:323)\r\n\tat org.openqa.selenium.remote.RemoteWebDriver.findElementByXPath(RemoteWebDriver.java:428)\r\n\tat org.openqa.selenium.By$ByXPath.findElement(By.java:353)\r\n\tat org.openqa.selenium.remote.RemoteWebDriver.findElement(RemoteWebDriver.java:315)\r\n\tat org.openqa.selenium.support.ui.ExpectedConditions$7.apply(ExpectedConditions.java:205)\r\n\tat org.openqa.selenium.support.ui.ExpectedConditions$7.apply(ExpectedConditions.java:201)\r\n\tat org.openqa.selenium.support.ui.ExpectedConditions$22.apply(ExpectedConditions.java:641)\r\n\tat org.openqa.selenium.support.ui.ExpectedConditions$22.apply(ExpectedConditions.java:638)\r\n\tat org.openqa.selenium.support.ui.FluentWait.until(FluentWait.java:249)\r\n\t... 27 more\r\n"},"stage":"finished","steps":[],"attachments":[],"parameters":[],"start":1710509197239,"stop":1710509227291}],"attachments":[{"name":"Screenshot of Customer_08_Edit_Address","source":"22ef0e63-2ec7-456c-88be-7532d8205e08-attachment","type":"image/png"},{"name":"Text attachment of Customer_08_Edit_Address failed and screenshot taken!","source":"aff7a657-ef99-4c46-9e33-94ab3625435c-attachment","type":"text/plain"}],"parameters":[{"name":"env","value":"admin"},{"name":"browser","value":"CHROME"}],"start":1710509186782,"stop":1710509227508}